app/build/outputs/logs/manifest-merger-release-report.txt
-- Merging decision tree log ---
manifest
ADDED from src\main\AndroidManifest.xml:1:1-39:12
	package
		ADDED from src\main\AndroidManifest.xml:2:5-46
		INJECTED from src\main\AndroidManifest.xml
		INJECTED from src\main\AndroidManifest.xml
	android:versionName
		ADDED from src\main\AndroidManifest.xml:4:5-30
		INJECTED from src\main\AndroidManifest.xml
		INJECTED from src\main\AndroidManifest.xml
	android:versionCode
		ADDED from src\main\AndroidManifest.xml:3:5-28
		INJECTED from src\main\AndroidManifest.xml
		INJECTED from src\main\AndroidManifest.xml
	xmlns:android
		ADDED from src\main\AndroidManifest.xml:1:11-69
uses-sdk
ADDED from src\main\AndroidManifest.xml:6:5-8:40
	android:targetSdkVersion
		ADDED from src\main\AndroidManifest.xml:8:9-38
		INJECTED from src\main\AndroidManifest.xml
		INJECTED from src\main\AndroidManifest.xml
	android:minSdkVersion
		ADDED from src\main\AndroidManifest.xml:7:9-35
		INJECTED from src\main\AndroidManifest.xml
		INJECTED from src\main\AndroidManifest.xml
supports-screens
ADDED from src\main\AndroidManifest.xml:10:5-14:33
	android:largeScreens
		ADDED from src\main\AndroidManifest.xml:12:3-31
	android:smallScreens
		ADDED from src\main\AndroidManifest.xml:14:3-31
	android:normalScreens
		ADDED from src\main\AndroidManifest.xml:13:3-32
	android:anyDensity
		ADDED from src\main\AndroidManifest.xml:11:3-29
application
ADDED from src\main\AndroidManifest.xml:16:5-31:19
	android:label
		ADDED from src\main\AndroidManifest.xml:17:9-41
	android:uiOptions
		ADDED from src\main\AndroidManifest.xml:19:3-48
	android:theme
		ADDED from src\main\AndroidManifest.xml:18:9-40
activity#com.wickham.android.connections.MainActivity
ADDED from src\main\AndroidManifest.xml:21:9-29:20
	android:label
		ADDED from src\main\AndroidManifest.xml:23:13-45
	android:uiOptions
		ADDED from src\main\AndroidManifest.xml:24:13-57
	android:name
		ADDED from src\main\AndroidManifest.xml:22:13-72
intent-filter#android.intent.action.MAIN+android.intent.category.LAUNCHER
ADDED from src\main\AndroidManifest.xml:25:13-28:29
action#android.intent.action.MAIN
ADDED from src\main\AndroidManifest.xml:26:17-68
	android:name
		ADDED from src\main\AndroidManifest.xml:26:25-66
category#android.intent.category.LAUNCHER
ADDED from src\main\AndroidManifest.xml:27:17-76
	android:name
		ADDED from src\main\AndroidManifest.xml:27:27-74
uses-permission#android.permission.INTERNET
ADDED from src\main\AndroidManifest.xml:33:2-64
	android:name
		ADDED from src\main\AndroidManifest.xml:33:19-61
uses-permission#android.permission.ACCESS_NETWORK_STATE
ADDED from src\main\AndroidManifest.xml:34:2-75
	android:name
		ADDED from src\main\AndroidManifest.xml:34:19-73
uses-permission#android.permission.WRITE_EXTERNAL_STORAGE
ADDED from src\main\AndroidManifest.xml:35:2-77
	android:name
		ADDED from src\main\AndroidManifest.xml:35:19-75
uses-permission#android.permission.ACCESS_WIFI_STATE
ADDED from src\main\AndroidManifest.xml:36:2-72
	android:name
		ADDED from src\main\AndroidManifest.xml:36:19-70
uses-permission#android.permission.CHANGE_CONFIGURATION
ADDED from src\main\AndroidManifest.xml:37:2-76
	android:name
		ADDED from src\main\AndroidManifest.xml:37:19-73